[0122/145924.694:ERROR:directory_reader_win.cc(43)] FindFirstFile: The system cannot find the path specified. (0x3)
[0123/145923.477:ERROR:directory_reader_win.cc(43)] FindFirstFile: The system cannot find the path specified. (0x3)
[0123/145923.518:ERROR:filesystem_win.cc(129)] GetFileAttributes C:\Users\Garnik\AppData\Local\Google\Chrome\User Data\Crashpad\attachments\9adf5515-7e88-45db-972f-c86731e81c1a: The system cannot find the path specified. (0x3)
[0123/145923.527:ERROR:filesystem_win.cc(129)] GetFileAttributes C:\Users\Garnik\AppData\Local\Google\Chrome\User Data\Crashpad\attachments\ce1d7b21-6559-4b8f-8d3e-ecdff0f34f27: The system cannot find the path specified. (0x3)
[0123/145923.536:ERROR:filesystem_win.cc(129)] GetFileAttributes C:\Users\Garnik\AppData\Local\Google\Chrome\User Data\Crashpad\attachments\543f90b9-fbfe-4ccc-8c44-48ef98106708: The system cannot find the path specified. (0x3)
[0123/145923.545:ERROR:filesystem_win.cc(129)] GetFileAttributes C:\Users\Garnik\AppData\Local\Google\Chrome\User Data\Crashpad\attachments\e96fd827-98fa-4804-b449-db252e6441fa: The system cannot find the path specified. (0x3)
[0123/145923.553:ERROR:filesystem_win.cc(129)] GetFileAttributes C:\Users\Garnik\AppData\Local\Google\Chrome\User Data\Crashpad\attachments\93b116e0-2dc5-4d8d-bd71-b0459d70cf6f: The system cannot find the path specified. (0x3)
[0123/145923.563:ERROR:filesystem_win.cc(129)] GetFileAttributes C:\Users\Garnik\AppData\Local\Google\Chrome\User Data\Crashpad\attachments\110fe14c-3e21-4501-8cac-a169e5b3cc3c: The system cannot find the path specified. (0x3)
[0123/145923.571:ERROR:filesystem_win.cc(129)] GetFileAttributes C:\Users\Garnik\AppData\Local\Google\Chrome\User Data\Crashpad\attachments\1bfa596d-e601-4779-b5e1-e1da6d1fa2d6: The system cannot find the path specified. (0x3)
[0123/145923.580:ERROR:filesystem_win.cc(129)] GetFileAttributes C:\Users\Garnik\AppData\Local\Google\Chrome\User Data\Crashpad\attachments\636a6852-6ba0-42a0-b3b6-8595fd8d07a0: The system cannot find the path specified. (0x3)
[0123/145923.589:ERROR:filesystem_win.cc(129)] GetFileAttributes C:\Users\Garnik\AppData\Local\Google\Chrome\User Data\Crashpad\attachments\2819aa04-d11f-4114-9e6d-a867b7836058: The system cannot find the path specified. (0x3)
[0123/145923.598:ERROR:filesystem_win.cc(129)] GetFileAttributes C:\Users\Garnik\AppData\Local\Google\Chrome\User Data\Crashpad\attachments\9b3f3dcf-dc44-4621-b015-e2c53b120177: The system cannot find the path specified. (0x3)
[0123/145923.607:ERROR:filesystem_win.cc(129)] GetFileAttributes C:\Users\Garnik\AppData\Local\Google\Chrome\User Data\Crashpad\attachments\e6db7f66-bc3b-4bb6-b1a0-8956d42b2d55: The system cannot find the path specified. (0x3)
[0123/145923.616:ERROR:filesystem_win.cc(129)] GetFileAttributes C:\Users\Garnik\AppData\Local\Google\Chrome\User Data\Crashpad\attachments\3c67bc11-d451-428e-ad1d-2e7391a3f9bc: The system cannot find the path specified. (0x3)
[0123/145923.624:ERROR:filesystem_win.cc(129)] GetFileAttributes C:\Users\Garnik\AppData\Local\Google\Chrome\User Data\Crashpad\attachments\73f45232-1f7a-4e6d-9ff9-ada2d85ddb47: The system cannot find the path specified. (0x3)
[0123/145923.633:ERROR:filesystem_win.cc(129)] GetFileAttributes C:\Users\Garnik\AppData\Local\Google\Chrome\User Data\Crashpad\attachments\afefce05-b9d0-4a00-a60e-35d864420c4c: The system cannot find the path specified. (0x3)
[0123/145923.642:ERROR:filesystem_win.cc(129)] GetFileAttributes C:\Users\Garnik\AppData\Local\Google\Chrome\User Data\Crashpad\attachments\5afb9ece-eaa5-48b3-ac61-1ee0b56091e5: The system cannot find the path specified. (0x3)
[0123/145923.650:ERROR:filesystem_win.cc(129)] GetFileAttributes C:\Users\Garnik\AppData\Local\Google\Chrome\User Data\Crashpad\attachments\f9efafdf-e856-4d9d-a1e9-e23e12014f33: The system cannot find the path specified. (0x3)
[0123/145923.659:ERROR:filesystem_win.cc(129)] GetFileAttributes C:\Users\Garnik\AppData\Local\Google\Chrome\User Data\Crashpad\attachments\4e5b587d-29bd-4c99-85c2-1e4ae899ba55: The system cannot find the path specified. (0x3)
[0123/145923.668:ERROR:filesystem_win.cc(129)] GetFileAttributes C:\Users\Garnik\AppData\Local\Google\Chrome\User Data\Crashpad\attachments\c812cdc2-c58d-4a2e-aaa9-0fe4e866f967: The system cannot find the path specified. (0x3)
[0123/145923.676:ERROR:filesystem_win.cc(129)] GetFileAttributes C:\Users\Garnik\AppData\Local\Google\Chrome\User Data\Crashpad\attachments\7058ace3-496a-4fbb-9deb-8ce0d51e0714: The system cannot find the path specified. (0x3)
[0123/145923.685:ERROR:filesystem_win.cc(129)] GetFileAttributes C:\Users\Garnik\AppData\Local\Google\Chrome\User Data\Crashpad\attachments\ca662891-2ecf-4699-b665-541effef8955: The system cannot find the path specified. (0x3)
[0123/145923.693:ERROR:filesystem_win.cc(129)] GetFileAttributes C:\Users\Garnik\AppData\Local\Google\Chrome\User Data\Crashpad\attachments\3e2ce8fd-7e30-4e89-b3ce-6da9815fcc6a: The system cannot find the path specified. (0x3)
[0123/145923.702:ERROR:filesystem_win.cc(129)] GetFileAttributes C:\Users\Garnik\AppData\Local\Google\Chrome\User Data\Crashpad\attachments\ec5ba670-790d-4f9a-8ed9-feb075880d29: The system cannot find the path specified. (0x3)
[0123/145923.710:ERROR:filesystem_win.cc(129)] GetFileAttributes C:\Users\Garnik\AppData\Local\Google\Chrome\User Data\Crashpad\attachments\8353e362-e93f-4518-a8a0-bf3f05fa6285: The system cannot find the path specified. (0x3)
[0123/145923.718:ERROR:filesystem_win.cc(129)] GetFileAttributes C:\Users\Garnik\AppData\Local\Google\Chrome\User Data\Crashpad\attachments\bcd1d4da-3cb1-420f-bac4-5595a9751168: The system cannot find the path specified. (0x3)
[0123/145923.727:ERROR:filesystem_win.cc(129)] GetFileAttributes C:\Users\Garnik\AppData\Local\Google\Chrome\User Data\Crashpad\attachments\d4635fe1-7a8f-41fe-984d-d83a0137db62: The system cannot find the path specified. (0x3)
[0123/145923.735:ERROR:filesystem_win.cc(129)] GetFileAttributes C:\Users\Garnik\AppData\Local\Google\Chrome\User Data\Crashpad\attachments\d5337557-8c96-4441-9e72-887d89b9d120: The system cannot find the path specified. (0x3)
[0123/145923.743:ERROR:filesystem_win.cc(129)] GetFileAttributes C:\Users\Garnik\AppData\Local\Google\Chrome\User Data\Crashpad\attachments\b371e34d-a306-4402-98d2-ad46608643ce: The system cannot find the path specified. (0x3)
[0123/145923.752:ERROR:filesystem_win.cc(129)] GetFileAttributes C:\Users\Garnik\AppData\Local\Google\Chrome\User Data\Crashpad\attachments\3964ac7b-ea46-4efb-b2d8-f13801aa82ba: The system cannot find the path specified. (0x3)
[0123/145923.761:ERROR:filesystem_win.cc(129)] GetFileAttributes C:\Users\Garnik\AppData\Local\Google\Chrome\User Data\Crashpad\attachments\c381ab06-5409-4417-9d80-8f100ec8a1f1: The system cannot find the path specified. (0x3)
[0123/145923.769:ERROR:filesystem_win.cc(129)] GetFileAttributes C:\Users\Garnik\AppData\Local\Google\Chrome\User Data\Crashpad\attachments\8ef3ce33-5c79-44cb-8359-2bd62adca6d0: The system cannot find the path specified. (0x3)
[0123/145923.777:ERROR:filesystem_win.cc(129)] GetFileAttributes C:\Users\Garnik\AppData\Local\Google\Chrome\User Data\Crashpad\attachments\f7784c5e-36de-4673-ac61-787dedecd1c4: The system cannot find the path specified. (0x3)
[0123/145923.785:ERROR:filesystem_win.cc(129)] GetFileAttributes C:\Users\Garnik\AppData\Local\Google\Chrome\User Data\Crashpad\attachments\d1130469-ebf1-490c-86bd-f9dcf43e594f: The system cannot find the path specified. (0x3)
[0123/145923.793:ERROR:filesystem_win.cc(129)] GetFileAttributes C:\Users\Garnik\AppData\Local\Google\Chrome\User Data\Crashpad\attachments\780505e3-82db-4cd3-a292-cc3a12e992db: The system cannot find the path specified. (0x3)
[0123/145923.801:ERROR:filesystem_win.cc(129)] GetFileAttributes C:\Users\Garnik\AppData\Local\Google\Chrome\User Data\Crashpad\attachments\cea1786f-b69a-472c-9bd5-b6a82a4536c1: The system cannot find the path specified. (0x3)
[0123/145923.810:ERROR:filesystem_win.cc(129)] GetFileAttributes C:\Users\Garnik\AppData\Local\Google\Chrome\User Data\Crashpad\attachments\eff024eb-f568-40a3-a16f-b80bbdbfdda1: The system cannot find the path specified. (0x3)
[0123/145923.818:ERROR:filesystem_win.cc(129)] GetFileAttributes C:\Users\Garnik\AppData\Local\Google\Chrome\User Data\Crashpad\attachments\92e7db55-54f4-4458-9eb9-ece8f309ea99: The system cannot find the path specified. (0x3)
[0123/145923.826:ERROR:filesystem_win.cc(129)] GetFileAttributes C:\Users\Garnik\AppData\Local\Google\Chrome\User Data\Crashpad\attachments\c12b9fba-b356-440e-a01a-8679a0e3fbaf: The system cannot find the path specified. (0x3)
[0123/145923.834:ERROR:filesystem_win.cc(129)] GetFileAttributes C:\Users\Garnik\AppData\Local\Google\Chrome\User Data\Crashpad\attachments\eb8d8004-a705-4165-b190-8e4bd156ecfb: The system cannot find the path specified. (0x3)
[0123/145923.842:ERROR:filesystem_win.cc(129)] GetFileAttributes C:\Users\Garnik\AppData\Local\Google\Chrome\User Data\Crashpad\attachments\868e486d-9052-4277-b164-34412818a672: The system cannot find the path specified. (0x3)
[0123/145923.850:ERROR:filesystem_win.cc(129)] GetFileAttributes C:\Users\Garnik\AppData\Local\Google\Chrome\User Data\Crashpad\attachments\2eab6825-2bb5-4d82-8602-d2a188e0c956: The system cannot find the path specified. (0x3)
[0123/145923.858:ERROR:filesystem_win.cc(129)] GetFileAttributes C:\Users\Garnik\AppData\Local\Google\Chrome\User Data\Crashpad\attachments\2d1bdbb0-4c87-4746-a0c6-f2f44fdff527: The system cannot find the path specified. (0x3)
[0123/145923.866:ERROR:filesystem_win.cc(129)] GetFileAttributes C:\Users\Garnik\AppData\Local\Google\Chrome\User Data\Crashpad\attachments\93a4561c-d6b2-45c0-a778-67775b3ce918: The system cannot find the path specified. (0x3)
[0123/145923.874:ERROR:filesystem_win.cc(129)] GetFileAttributes C:\Users\Garnik\AppData\Local\Google\Chrome\User Data\Crashpad\attachments\557fecc3-b8b1-436c-b1ec-88324f581744: The system cannot find the path specified. (0x3)
[0123/145923.882:ERROR:filesystem_win.cc(129)] GetFileAttributes C:\Users\Garnik\AppData\Local\Google\Chrome\User Data\Crashpad\attachments\4a70e5b0-7d96-493d-81e2-42326b6ad2d1: The system cannot find the path specified. (0x3)
[0123/145923.890:ERROR:filesystem_win.cc(129)] GetFileAttributes C:\Users\Garnik\AppData\Local\Google\Chrome\User Data\Crashpad\attachments\7a724725-f7fa-45f6-8c67-2b372f88e61d: The system cannot find the path specified. (0x3)
[0123/145923.898:ERROR:filesystem_win.cc(129)] GetFileAttributes C:\Users\Garnik\AppData\Local\Google\Chrome\User Data\Crashpad\attachments\e40c19f6-5d11-4e53-9e84-c3c1d3a51f4c: The system cannot find the path specified. (0x3)
[0123/145923.905:ERROR:filesystem_win.cc(129)] GetFileAttributes C:\Users\Garnik\AppData\Local\Google\Chrome\User Data\Crashpad\attachments\f50747ca-4095-4969-981b-6fbc9e0669e8: The system cannot find the path specified. (0x3)
[0123/145923.913:ERROR:filesystem_win.cc(129)] GetFileAttributes C:\Users\Garnik\AppData\Local\Google\Chrome\User Data\Crashpad\attachments\203a2dbb-e2f3-4865-b9e9-01c0c8ed184a: The system cannot find the path specified. (0x3)
[0123/145923.921:ERROR:filesystem_win.cc(129)] GetFileAttributes C:\Users\Garnik\AppData\Local\Google\Chrome\User Data\Crashpad\attachments\43a30967-db59-474e-897f-62e17f08b835: The system cannot find the path specified. (0x3)
[0123/145923.929:ERROR:filesystem_win.cc(129)] GetFileAttributes C:\Users\Garnik\AppData\Local\Google\Chrome\User Data\Crashpad\attachments\bbb27ce4-2fc5-40d6-a992-cb6a60e93923: The system cannot find the path specified. (0x3)
[0123/145923.936:ERROR:filesystem_win.cc(129)] GetFileAttributes C:\Users\Garnik\AppData\Local\Google\Chrome\User Data\Crashpad\attachments\42da0ef9-02b5-4558-af01-a73f3eac1e8d: The system cannot find the path specified. (0x3)
[0123/145923.944:ERROR:filesystem_win.cc(129)] GetFileAttributes C:\Users\Garnik\AppData\Local\Google\Chrome\User Data\Crashpad\attachments\ebab7b66-1ed6-422b-a757-37a769920993: The system cannot find the path specified. (0x3)
[0123/145923.952:ERROR:filesystem_win.cc(129)] GetFileAttributes C:\Users\Garnik\AppData\Local\Google\Chrome\User Data\Crashpad\attachments\02751d6a-764f-4044-8f66-f0d04bba2bb2: The system cannot find the path specified. (0x3)
[0123/145923.959:ERROR:filesystem_win.cc(129)] GetFileAttributes C:\Users\Garnik\AppData\Local\Google\Chrome\User Data\Crashpad\attachments\85ebb6a4-278e-4546-ade8-2b451d4576b2: The system cannot find the path specified. (0x3)
[0123/145923.967:ERROR:filesystem_win.cc(129)] GetFileAttributes C:\Users\Garnik\AppData\Local\Google\Chrome\User Data\Crashpad\attachments\34d0c9e3-ceb4-41e4-988f-18bce5b22f9a: The system cannot find the path specified. (0x3)
[0123/145923.974:ERROR:filesystem_win.cc(129)] GetFileAttributes C:\Users\Garnik\AppData\Local\Google\Chrome\User Data\Crashpad\attachments\d934b243-111d-47ef-9e55-56adb262357c: The system cannot find the path specified. (0x3)
[0123/145923.982:ERROR:filesystem_win.cc(129)] GetFileAttributes C:\Users\Garnik\AppData\Local\Google\Chrome\User Data\Crashpad\attachments\38113291-63f3-46c3-b37d-4b00b900f54c: The system cannot find the path specified. (0x3)
[0123/145923.989:ERROR:filesystem_win.cc(129)] GetFileAttributes C:\Users\Garnik\AppData\Local\Google\Chrome\User Data\Crashpad\attachments\17923292-e43f-46fd-9aa9-7198274bfa58: The system cannot find the path specified. (0x3)
[0123/145923.997:ERROR:filesystem_win.cc(129)] GetFileAttributes C:\Users\Garnik\AppData\Local\Google\Chrome\User Data\Crashpad\attachments\a6b01581-dfae-4562-bda1-0b9d4be25094: The system cannot find the path specified. (0x3)
[0123/145924.004:ERROR:filesystem_win.cc(129)] GetFileAttributes C:\Users\Garnik\AppData\Local\Google\Chrome\User Data\Crashpad\attachments\d8d7ff89-f3cd-44b8-9bda-55e7ca188f75: The system cannot find the path specified. (0x3)
[0123/145924.011:ERROR:filesystem_win.cc(129)] GetFileAttributes C:\Users\Garnik\AppData\Local\Google\Chrome\User Data\Crashpad\attachments\18972cf2-1855-4d18-9ca8-4084ece798b2: The system cannot find the path specified. (0x3)
[0123/145924.019:ERROR:filesystem_win.cc(129)] GetFileAttributes C:\Users\Garnik\AppData\Local\Google\Chrome\User Data\Crashpad\attachments\d01fe659-7bff-4064-8403-4aae34828cb7: The system cannot find the path specified. (0x3)
[0123/145924.026:ERROR:filesystem_win.cc(129)] GetFileAttributes C:\Users\Garnik\AppData\Local\Google\Chrome\User Data\Crashpad\attachments\d34e8c3a-195e-4983-b877-85ed850fe2a2: The system cannot find the path specified. (0x3)
[0123/145924.034:ERROR:filesystem_win.cc(129)] GetFileAttributes C:\Users\Garnik\AppData\Local\Google\Chrome\User Data\Crashpad\attachments\37deef08-1bac-4c31-89b5-959b029d181e: The system cannot find the path specified. (0x3)
[0123/145924.041:ERROR:filesystem_win.cc(129)] GetFileAttributes C:\Users\Garnik\AppData\Local\Google\Chrome\User Data\Crashpad\attachments\73cd8d58-286f-4ba5-8765-bb8ae3c3a0bf: The system cannot find the path specified. (0x3)
[0123/145924.049:ERROR:filesystem_win.cc(129)] GetFileAttributes C:\Users\Garnik\AppData\Local\Google\Chrome\User Data\Crashpad\attachments\a97e84cd-b1e8-415c-82e3-23fdd19c86a4: The system cannot find the path specified. (0x3)
[0123/145924.056:ERROR:filesystem_win.cc(129)] GetFileAttributes C:\Users\Garnik\AppData\Local\Google\Chrome\User Data\Crashpad\attachments\b170af4a-6bdc-4bb7-b228-c3d50dad3337: The system cannot find the path specified. (0x3)
[0123/145924.063:ERROR:filesystem_win.cc(129)] GetFileAttributes C:\Users\Garnik\AppData\Local\Google\Chrome\User Data\Crashpad\attachments\dbb5437d-acec-4ed7-bddc-af2262223806: The system cannot find the path specified. (0x3)
[0123/145924.070:ERROR:filesystem_win.cc(129)] GetFileAttributes C:\Users\Garnik\AppData\Local\Google\Chrome\User Data\Crashpad\attachments\5a14dec4-ac70-4296-8df4-ee0c8d12739d: The system cannot find the path specified. (0x3)
[0123/145924.077:ERROR:filesystem_win.cc(129)] GetFileAttributes C:\Users\Garnik\AppData\Local\Google\Chrome\User Data\Crashpad\attachments\2bdb0bd6-35e6-4c85-8e16-257a36fe0b41: The system cannot find the path specified. (0x3)
[0123/145924.085:ERROR:filesystem_win.cc(129)] GetFileAttributes C:\Users\Garnik\AppData\Local\Google\Chrome\User Data\Crashpad\attachments\bf1709a4-4ecc-4fbf-9d40-d2dcb3111b12: The system cannot find the path specified. (0x3)
[0123/145924.092:ERROR:filesystem_win.cc(129)] GetFileAttributes C:\Users\Garnik\AppData\Local\Google\Chrome\User Data\Crashpad\attachments\150c9004-2b53-421b-ba0f-72e83672f847: The system cannot find the path specified. (0x3)
[0123/145924.099:ERROR:filesystem_win.cc(129)] GetFileAttributes C:\Users\Garnik\AppData\Local\Google\Chrome\User Data\Crashpad\attachments\91244986-99f2-485f-a51e-0bed3b7653be: The system cannot find the path specified. (0x3)
[0123/145924.106:ERROR:filesystem_win.cc(129)] GetFileAttributes C:\Users\Garnik\AppData\Local\Google\Chrome\User Data\Crashpad\attachments\de91a4ad-7a5d-4524-a32a-b83bf5dc3ee7: The system cannot find the path specified. (0x3)
[0123/145924.113:ERROR:filesystem_win.cc(129)] GetFileAttributes C:\Users\Garnik\AppData\Local\Google\Chrome\User Data\Crashpad\attachments\844a8df5-63be-4bd0-8583-9a74951cb987: The system cannot find the path specified. (0x3)
[0123/145924.120:ERROR:filesystem_win.cc(129)] GetFileAttributes C:\Users\Garnik\AppData\Local\Google\Chrome\User Data\Crashpad\attachments\e7a37796-7667-4aa5-acc5-f7ccf38dd430: The system cannot find the path specified. (0x3)
[0123/145924.127:ERROR:filesystem_win.cc(129)] GetFileAttributes C:\Users\Garnik\AppData\Local\Google\Chrome\User Data\Crashpad\attachments\d7f469d3-2dba-45db-b14d-420008018915: The system cannot find the path specified. (0x3)
[0123/145924.134:ERROR:filesystem_win.cc(129)] GetFileAttributes C:\Users\Garnik\AppData\Local\Google\Chrome\User Data\Crashpad\attachments\6b151f22-131c-4302-8a5b-bbd45ad41454: The system cannot find the path specified. (0x3)
[0123/145924.141:ERROR:filesystem_win.cc(129)] GetFileAttributes C:\Users\Garnik\AppData\Local\Google\Chrome\User Data\Crashpad\attachments\30e1d692-3068-44e8-9fec-0813c6229610: The system cannot find the path specified. (0x3)
[0123/145924.148:ERROR:filesystem_win.cc(129)] GetFileAttributes C:\Users\Garnik\AppData\Local\Google\Chrome\User Data\Crashpad\attachments\1fc7211c-2e37-4183-a67b-1edd9da5fef0: The system cannot find the path specified. (0x3)
[0123/145924.155:ERROR:filesystem_win.cc(129)] GetFileAttributes C:\Users\Garnik\AppData\Local\Google\Chrome\User Data\Crashpad\attachments\4faabe48-b6be-49fc-b008-f7ae9a9cb3d6: The system cannot find the path specified. (0x3)
[0123/145924.163:ERROR:filesystem_win.cc(129)] GetFileAttributes C:\Users\Garnik\AppData\Local\Google\Chrome\User Data\Crashpad\attachments\89ea6976-f4b8-4b88-abe0-73c9756aa476: The system cannot find the path specified. (0x3)
[0123/145924.170:ERROR:filesystem_win.cc(129)] GetFileAttributes C:\Users\Garnik\AppData\Local\Google\Chrome\User Data\Crashpad\attachments\b28e70d0-56b4-4104-8e66-8d200beb862e: The system cannot find the path specified. (0x3)
[0123/145924.177:ERROR:filesystem_win.cc(129)] GetFileAttributes C:\Users\Garnik\AppData\Local\Google\Chrome\User Data\Crashpad\attachments\b56debae-b306-4400-888c-f34050ce1834: The system cannot find the path specified. (0x3)
[0123/145924.183:ERROR:filesystem_win.cc(129)] GetFileAttributes C:\Users\Garnik\AppData\Local\Google\Chrome\User Data\Crashpad\attachments\c9a99266-8da9-441d-a4b6-937c1a42f9ab: The system cannot find the path specified. (0x3)
[0123/145924.190:ERROR:filesystem_win.cc(129)] GetFileAttributes C:\Users\Garnik\AppData\Local\Google\Chrome\User Data\Crashpad\attachments\ba567851-4571-45e5-a8c0-d020adaed7a5: The system cannot find the path specified. (0x3)
[0123/145924.197:ERROR:filesystem_win.cc(129)] GetFileAttributes C:\Users\Garnik\AppData\Local\Google\Chrome\User Data\Crashpad\attachments\5dfb731f-f4cc-40ac-a78c-292f64fa8a79: The system cannot find the path specified. (0x3)
[0123/145924.204:ERROR:filesystem_win.cc(129)] GetFileAttributes C:\Users\Garnik\AppData\Local\Google\Chrome\User Data\Crashpad\attachments\2e995433-d838-43a5-a282-16de6279f8f4: The system cannot find the path specified. (0x3)
[0123/145924.211:ERROR:filesystem_win.cc(129)] GetFileAttributes C:\Users\Garnik\AppData\Local\Google\Chrome\User Data\Crashpad\attachments\ff11aa85-b8cc-4290-9ff2-6dee5f05606f: The system cannot find the path specified. (0x3)
[0123/145924.218:ERROR:filesystem_win.cc(129)] GetFileAttributes C:\Users\Garnik\AppData\Local\Google\Chrome\User Data\Crashpad\attachments\b4ea2783-eb91-4568-ab22-30ec8cfad86e: The system cannot find the path specified. (0x3)
[0123/145924.231:ERROR:filesystem_win.cc(129)] GetFileAttributes C:\Users\Garnik\AppData\Local\Google\Chrome\User Data\Crashpad\attachments\96fb45f5-053c-4de2-9940-cf6843f30146: The system cannot find the path specified. (0x3)
[0123/145924.240:ERROR:filesystem_win.cc(129)] GetFileAttributes C:\Users\Garnik\AppData\Local\Google\Chrome\User Data\Crashpad\attachments\516aca7a-0591-4639-8137-04a07b7cdad0: The system cannot find the path specified. (0x3)
[0123/145924.246:ERROR:filesystem_win.cc(129)] GetFileAttributes C:\Users\Garnik\AppData\Local\Google\Chrome\User Data\Crashpad\attachments\3a812b76-1449-4df0-b0d9-dd8d1550afbc: The system cannot find the path specified. (0x3)
[0123/145924.253:ERROR:filesystem_win.cc(129)] GetFileAttributes C:\Users\Garnik\AppData\Local\Google\Chrome\User Data\Crashpad\attachments\0323d57b-b4eb-4b05-9237-d0cb7730b491: The system cannot find the path specified. (0x3)
[0123/145924.260:ERROR:filesystem_win.cc(129)] GetFileAttributes C:\Users\Garnik\AppData\Local\Google\Chrome\User Data\Crashpad\attachments\7a4164a3-d6c1-4760-b7fe-bcdece419300: The system cannot find the path specified. (0x3)
[0123/145924.266:ERROR:filesystem_win.cc(129)] GetFileAttributes C:\Users\Garnik\AppData\Local\Google\Chrome\User Data\Crashpad\attachments\7b79e4a9-985c-4105-bd45-887eb3d33e59: The system cannot find the path specified. (0x3)
[0123/145924.273:ERROR:filesystem_win.cc(129)] GetFileAttributes C:\Users\Garnik\AppData\Local\Google\Chrome\User Data\Crashpad\attachments\7b61c1e7-f43e-4327-ae25-0538dc9767e3: The system cannot find the path specified. (0x3)
[0123/145924.279:ERROR:filesystem_win.cc(129)] GetFileAttributes C:\Users\Garnik\AppData\Local\Google\Chrome\User Data\Crashpad\attachments\7fe4f630-42c3-4d95-afd9-0aa746eeed9e: The system cannot find the path specified. (0x3)
[0123/145924.286:ERROR:filesystem_win.cc(129)] GetFileAttributes C:\Users\Garnik\AppData\Local\Google\Chrome\User Data\Crashpad\attachments\46259475-f2c8-4f8a-91f2-188abdbd541b: The system cannot find the path specified. (0x3)
[0123/145924.293:ERROR:filesystem_win.cc(129)] GetFileAttributes C:\Users\Garnik\AppData\Local\Google\Chrome\User Data\Crashpad\attachments\33764b10-0df0-40d2-932f-693663cfc3b0: The system cannot find the path specified. (0x3)
[0123/145924.299:ERROR:filesystem_win.cc(129)] GetFileAttributes C:\Users\Garnik\AppData\Local\Google\Chrome\User Data\Crashpad\attachments\40dca2ad-f8e0-4295-9ac2-4077d6126c26: The system cannot find the path specified. (0x3)
[0123/145924.306:ERROR:filesystem_win.cc(129)] GetFileAttributes C:\Users\Garnik\AppData\Local\Google\Chrome\User Data\Crashpad\attachments\5e1fd75a-0236-4300-9eae-02c9dd8af5f9: The system cannot find the path specified. (0x3)
[0123/145924.312:ERROR:filesystem_win.cc(129)] GetFileAttributes C:\Users\Garnik\AppData\Local\Google\Chrome\User Data\Crashpad\attachments\5f8ca494-d270-439b-b2db-a2b55b39b476: The system cannot find the path specified. (0x3)
[0123/145924.319:ERROR:filesystem_win.cc(129)] GetFileAttributes C:\Users\Garnik\AppData\Local\Google\Chrome\User Data\Crashpad\attachments\5c528b4e-0a04-4f67-b9a7-1766a5020930: The system cannot find the path specified. (0x3)
[0123/145924.325:ERROR:filesystem_win.cc(129)] GetFileAttributes C:\Users\Garnik\AppData\Local\Google\Chrome\User Data\Crashpad\attachments\529455c9-13f1-4157-b08e-f0053015d388: The system cannot find the path specified. (0x3)
[0123/145924.332:ERROR:filesystem_win.cc(129)] GetFileAttributes C:\Users\Garnik\AppData\Local\Google\Chrome\User Data\Crashpad\attachments\01a88800-ec18-4484-8e67-e44443c1dde3: The system cannot find the path specified. (0x3)
[0123/145924.338:ERROR:filesystem_win.cc(129)] GetFileAttributes C:\Users\Garnik\AppData\Local\Google\Chrome\User Data\Crashpad\attachments\634177a0-3d5e-41ca-87a5-bd8e8bf96361: The system cannot find the path specified. (0x3)
[0123/145924.345:ERROR:filesystem_win.cc(129)] GetFileAttributes C:\Users\Garnik\AppData\Local\Google\Chrome\User Data\Crashpad\attachments\2994c3ee-26a3-4c2f-b8f3-b7ec5404494b: The system cannot find the path specified. (0x3)
[0123/145924.351:ERROR:filesystem_win.cc(129)] GetFileAttributes C:\Users\Garnik\AppData\Local\Google\Chrome\User Data\Crashpad\attachments\e850e02a-bf99-457c-ba45-ca52113da94f: The system cannot find the path specified. (0x3)
[0123/145924.357:ERROR:filesystem_win.cc(129)] GetFileAttributes C:\Users\Garnik\AppData\Local\Google\Chrome\User Data\Crashpad\attachments\6248578c-e901-40a3-ade8-4743d3fbd90f: The system cannot find the path specified. (0x3)
[0123/145924.364:ERROR:filesystem_win.cc(129)] GetFileAttributes C:\Users\Garnik\AppData\Local\Google\Chrome\User Data\Crashpad\attachments\d427fc68-d4be-4a2e-ab57-75671e30952d: The system cannot find the path specified. (0x3)
[0123/145924.370:ERROR:filesystem_win.cc(129)] GetFileAttributes C:\Users\Garnik\AppData\Local\Google\Chrome\User Data\Crashpad\attachments\af343197-b563-4e2c-a46b-f7b75a663bb4: The system cannot find the path specified. (0x3)
[0123/145924.376:ERROR:filesystem_win.cc(129)] GetFileAttributes C:\Users\Garnik\AppData\Local\Google\Chrome\User Data\Crashpad\attachments\8aee3022-82ac-415d-a7fc-9de584f96552: The system cannot find the path specified. (0x3)
[0123/145924.383:ERROR:filesystem_win.cc(129)] GetFileAttributes C:\Users\Garnik\AppData\Local\Google\Chrome\User Data\Crashpad\attachments\e77e35db-f12f-444b-8ecf-f430986cf1c4: The system cannot find the path specified. (0x3)
[0123/145924.389:ERROR:filesystem_win.cc(129)] GetFileAttributes C:\Users\Garnik\AppData\Local\Google\Chrome\User Data\Crashpad\attachments\ceec41f6-d4f5-4e63-ad01-7b561d2cc1c1: The system cannot find the path specified. (0x3)
[0123/145924.395:ERROR:filesystem_win.cc(129)] GetFileAttributes C:\Users\Garnik\AppData\Local\Google\Chrome\User Data\Crashpad\attachments\a8aca5d7-242a-4db6-a368-6c78526ad61a: The system cannot find the path specified. (0x3)
[0123/145924.401:ERROR:filesystem_win.cc(129)] GetFileAttributes C:\Users\Garnik\AppData\Local\Google\Chrome\User Data\Crashpad\attachments\c17ce6e9-61d2-4ebf-a59b-e41507e30c21: The system cannot find the path specified. (0x3)
[0123/145924.407:ERROR:filesystem_win.cc(129)] GetFileAttributes C:\Users\Garnik\AppData\Local\Google\Chrome\User Data\Crashpad\attachments\88f6ddfc-4c95-4703-9267-9ac99e7da7af: The system cannot find the path specified. (0x3)
[0123/145924.413:ERROR:filesystem_win.cc(129)] GetFileAttributes C:\Users\Garnik\AppData\Local\Google\Chrome\User Data\Crashpad\attachments\4d101183-7b5e-4840-a7fd-6ec2ed8c43a7: The system cannot find the path specified. (0x3)
[0123/145924.419:ERROR:filesystem_win.cc(129)] GetFileAttributes C:\Users\Garnik\AppData\Local\Google\Chrome\User Data\Crashpad\attachments\cc22d2ed-b25e-4da8-8e49-9bbdcc5841e5: The system cannot find the path specified. (0x3)
[0123/145924.425:ERROR:filesystem_win.cc(129)] GetFileAttributes C:\Users\Garnik\AppData\Local\Google\Chrome\User Data\Crashpad\attachments\cc533176-9e39-4937-835a-8155e8b9d383: The system cannot find the path specified. (0x3)
[0123/145924.431:ERROR:filesystem_win.cc(129)] GetFileAttributes C:\Users\Garnik\AppData\Local\Google\Chrome\User Data\Crashpad\attachments\0a350838-1736-4a64-b374-7a74f7a35262: The system cannot find the path specified. (0x3)
[0123/145924.437:ERROR:filesystem_win.cc(129)] GetFileAttributes C:\Users\Garnik\AppData\Local\Google\Chrome\User Data\Crashpad\attachments\1886b1ce-d1cf-40fd-a105-c30012e2aa38: The system cannot find the path specified. (0x3)
[0123/145924.443:ERROR:filesystem_win.cc(129)] GetFileAttributes C:\Users\Garnik\AppData\Local\Google\Chrome\User Data\Crashpad\attachments\e19283a3-1ea5-4d21-88b5-3cab22c1b5c7: The system cannot find the path specified. (0x3)
[0123/145924.449:ERROR:filesystem_win.cc(129)] GetFileAttributes C:\Users\Garnik\AppData\Local\Google\Chrome\User Data\Crashpad\attachments\40b85623-a5d5-4e0d-9949-314bd049a7c8: The system cannot find the path specified. (0x3)
[0123/145924.455:ERROR:filesystem_win.cc(129)] GetFileAttributes C:\Users\Garnik\AppData\Local\Google\Chrome\User Data\Crashpad\attachments\47820b89-ae00-435e-ac85-f6298199cfd3: The system cannot find the path specified. (0x3)
[0123/145924.460:ERROR:filesystem_win.cc(129)] GetFileAttributes C:\Users\Garnik\AppData\Local\Google\Chrome\User Data\Crashpad\attachments\609719ab-ccea-457d-a77c-fc6c24f730e8: The system cannot find the path specified. (0x3)
[0123/145924.466:ERROR:filesystem_win.cc(129)] GetFileAttributes C:\Users\Garnik\AppData\Local\Google\Chrome\User Data\Crashpad\attachments\b2ae39e0-a5f7-4386-bb25-54418ddb28db: The system cannot find the path specified. (0x3)
[0123/145924.472:ERROR:filesystem_win.cc(129)] GetFileAttributes C:\Users\Garnik\AppData\Local\Google\Chrome\User Data\Crashpad\attachments\fed2864e-c6c6-42f0-bd59-837640be37a0: The system cannot find the path specified. (0x3)
[0123/145924.478:ERROR:filesystem_win.cc(129)] GetFileAttributes C:\Users\Garnik\AppData\Local\Google\Chrome\User Data\Crashpad\attachments\b4b102e6-bfe0-40a2-9803-f8eb403a7449: The system cannot find the path specified. (0x3)
[0123/145924.483:ERROR:filesystem_win.cc(129)] GetFileAttributes C:\Users\Garnik\AppData\Local\Google\Chrome\User Data\Crashpad\attachments\8e3cc1f5-adcf-4f28-88cc-44f8fd01d2ea: The system cannot find the path specified. (0x3)
[0123/145924.489:ERROR:filesystem_win.cc(129)] GetFileAttributes C:\Users\Garnik\AppData\Local\Google\Chrome\User Data\Crashpad\attachments\c766b927-480f-45c4-a815-7cf553d09b75: The system cannot find the path specified. (0x3)
[0123/145924.495:ERROR:filesystem_win.cc(129)] GetFileAttributes C:\Users\Garnik\AppData\Local\Google\Chrome\User Data\Crashpad\attachments\0c1f4641-38d7-4b9a-8400-c8a7a7b5e950: The system cannot find the path specified. (0x3)
[0123/145924.500:ERROR:filesystem_win.cc(129)] GetFileAttributes C:\Users\Garnik\AppData\Local\Google\Chrome\User Data\Crashpad\attachments\5abbf111-90d6-42be-9a02-fae46a4d07d4: The system cannot find the path specified. (0x3)
[0123/145924.506:ERROR:filesystem_win.cc(129)] GetFileAttributes C:\Users\Garnik\AppData\Local\Google\Chrome\User Data\Crashpad\attachments\6e6b6e17-d60a-4d92-ba1f-0b31daad1d04: The system cannot find the path specified. (0x3)
[0123/145924.511:ERROR:filesystem_win.cc(129)] GetFileAttributes C:\Users\Garnik\AppData\Local\Google\Chrome\User Data\Crashpad\attachments\9dfd2aff-1254-4359-8dc6-88eb2aafdc08: The system cannot find the path specified. (0x3)
[0123/145924.517:ERROR:filesystem_win.cc(129)] GetFileAttributes C:\Users\Garnik\AppData\Local\Google\Chrome\User Data\Crashpad\attachments\5c0bbe6f-2cb2-4ec0-8e2f-ba0b53ebd00d: The system cannot find the path specified. (0x3)
[0123/145924.522:ERROR:filesystem_win.cc(129)] GetFileAttributes C:\Users\Garnik\AppData\Local\Google\Chrome\User Data\Crashpad\attachments\2f3e049a-389a-4897-8c1e-c9da616f89ac: The system cannot find the path specified. (0x3)
[0123/145924.528:ERROR:filesystem_win.cc(129)] GetFileAttributes C:\Users\Garnik\AppData\Local\Google\Chrome\User Data\Crashpad\attachments\7f258f5b-2b6f-430b-92ba-088e19014458: The system cannot find the path specified. (0x3)
[0123/145924.533:ERROR:filesystem_win.cc(129)] GetFileAttributes C:\Users\Garnik\AppData\Local\Google\Chrome\User Data\Crashpad\attachments\9ca944b1-db9c-4cd2-9700-f8a57551feff: The system cannot find the path specified. (0x3)
[0123/145924.539:ERROR:filesystem_win.cc(129)] GetFileAttributes C:\Users\Garnik\AppData\Local\Google\Chrome\User Data\Crashpad\attachments\97e4a547-93f2-4941-9cb8-2913f0f727dd: The system cannot find the path specified. (0x3)
[0123/145924.544:ERROR:filesystem_win.cc(129)] GetFileAttributes C:\Users\Garnik\AppData\Local\Google\Chrome\User Data\Crashpad\attachments\be55e033-16e6-4a40-b3da-2994f350be4f: The system cannot find the path specified. (0x3)
[0123/145924.550:ERROR:filesystem_win.cc(129)] GetFileAttributes C:\Users\Garnik\AppData\Local\Google\Chrome\User Data\Crashpad\attachments\78bb0278-b6c9-413f-a2a0-c44c3c245096: The system cannot find the path specified. (0x3)
[0123/145924.555:ERROR:filesystem_win.cc(129)] GetFileAttributes C:\Users\Garnik\AppData\Local\Google\Chrome\User Data\Crashpad\attachments\3c95428d-32a1-4a6a-8ad9-3f01a1999c2a: The system cannot find the path specified. (0x3)
[0123/145924.561:ERROR:filesystem_win.cc(129)] GetFileAttributes C:\Users\Garnik\AppData\Local\Google\Chrome\User Data\Crashpad\attachments\134b56a0-9dfa-4712-9e37-0c21be5e7e48: The system cannot find the path specified. (0x3)
[0123/145924.566:ERROR:filesystem_win.cc(129)] GetFileAttributes C:\Users\Garnik\AppData\Local\Google\Chrome\User Data\Crashpad\attachments\b28c0bd8-5d81-46f3-975b-c99417dfb1e3: The system cannot find the path specified. (0x3)
[0123/145924.571:ERROR:filesystem_win.cc(129)] GetFileAttributes C:\Users\Garnik\AppData\Local\Google\Chrome\User Data\Crashpad\attachments\0be561e1-414e-479f-bdea-5bdda013832c: The system cannot find the path specified. (0x3)
[0123/145924.576:ERROR:filesystem_win.cc(129)] GetFileAttributes C:\Users\Garnik\AppData\Local\Google\Chrome\User Data\Crashpad\attachments\7a22b42f-0d13-481b-901b-b6f5e06684a3: The system cannot find the path specified. (0x3)
[0123/145924.582:ERROR:filesystem_win.cc(129)] GetFileAttributes C:\Users\Garnik\AppData\Local\Google\Chrome\User Data\Crashpad\attachments\96ec28fc-90f4-4755-91bc-2628a5ed648a: The system cannot find the path specified. (0x3)
[0123/145924.587:ERROR:filesystem_win.cc(129)] GetFileAttributes C:\Users\Garnik\AppData\Local\Google\Chrome\User Data\Crashpad\attachments\9388f6ba-5089-4e79-85c1-0b9e4eae3fe1: The system cannot find the path specified. (0x3)
[0123/145924.592:ERROR:filesystem_win.cc(129)] GetFileAttributes C:\Users\Garnik\AppData\Local\Google\Chrome\User Data\Crashpad\attachments\bfcabb65-7b01-4914-aeec-1ab775475e47: The system cannot find the path specified. (0x3)
[0123/145924.597:ERROR:filesystem_win.cc(129)] GetFileAttributes C:\Users\Garnik\AppData\Local\Google\Chrome\User Data\Crashpad\attachments\fcc8f33b-fd20-49ec-8c0b-5724ca37b9cc: The system cannot find the path specified. (0x3)
[0123/145924.602:ERROR:filesystem_win.cc(129)] GetFileAttributes C:\Users\Garnik\AppData\Local\Google\Chrome\User Data\Crashpad\attachments\79a606a4-4b3b-4833-b73c-0ddeff0aa3be: The system cannot find the path specified. (0x3)
[0123/145924.607:ERROR:filesystem_win.cc(129)] GetFileAttributes C:\Users\Garnik\AppData\Local\Google\Chrome\User Data\Crashpad\attachments\e94237a9-d091-463b-92ad-1765802b9381: The system cannot find the path specified. (0x3)
[0123/145924.613:ERROR:filesystem_win.cc(129)] GetFileAttributes C:\Users\Garnik\AppData\Local\Google\Chrome\User Data\Crashpad\attachments\6f914621-e6ae-4c9e-ad66-c434f0c44a85: The system cannot find the path specified. (0x3)
[0123/145924.618:ERROR:filesystem_win.cc(129)] GetFileAttributes C:\Users\Garnik\AppData\Local\Google\Chrome\User Data\Crashpad\attachments\522be28c-34cf-4705-8702-a2dac7c93bd5: The system cannot find the path specified. (0x3)
[0123/145924.623:ERROR:filesystem_win.cc(129)] GetFileAttributes C:\Users\Garnik\AppData\Local\Google\Chrome\User Data\Crashpad\attachments\c34d3ca1-2a00-4fcc-846a-1028e83e5340: The system cannot find the path specified. (0x3)
[0123/145924.628:ERROR:filesystem_win.cc(129)] GetFileAttributes C:\Users\Garnik\AppData\Local\Google\Chrome\User Data\Crashpad\attachments\182604cd-1f97-4e35-b059-f06a553a1ee9: The system cannot find the path specified. (0x3)
[0123/145924.633:ERROR:filesystem_win.cc(129)] GetFileAttributes C:\Users\Garnik\AppData\Local\Google\Chrome\User Data\Crashpad\attachments\c1a8c545-605b-4336-8807-9269d28c1df1: The system cannot find the path specified. (0x3)
[0123/145924.637:ERROR:filesystem_win.cc(129)] GetFileAttributes C:\Users\Garnik\AppData\Local\Google\Chrome\User Data\Crashpad\attachments\1130926c-0e13-49d8-bfd5-4e4af1cf034a: The system cannot find the path specified. (0x3)
[0123/145924.642:ERROR:filesystem_win.cc(129)] GetFileAttributes C:\Users\Garnik\AppData\Local\Google\Chrome\User Data\Crashpad\attachments\63ce0a38-2115-4cc1-a774-2f582ae041a0: The system cannot find the path specified. (0x3)
[0123/145924.647:ERROR:filesystem_win.cc(129)] GetFileAttributes C:\Users\Garnik\AppData\Local\Google\Chrome\User Data\Crashpad\attachments\c5acad30-8e90-4272-a9fb-c24cc3f0df3f: The system cannot find the path specified. (0x3)
[0123/145924.652:ERROR:filesystem_win.cc(129)] GetFileAttributes C:\Users\Garnik\AppData\Local\Google\Chrome\User Data\Crashpad\attachments\044a84d2-cea4-4ab4-9975-0c874e14df6d: The system cannot find the path specified. (0x3)
[0123/145924.657:ERROR:filesystem_win.cc(129)] GetFileAttributes C:\Users\Garnik\AppData\Local\Google\Chrome\User Data\Crashpad\attachments\94abbd5a-37a8-42fc-bf7a-3edd1949b26f: The system cannot find the path specified. (0x3)
[0123/145924.662:ERROR:filesystem_win.cc(129)] GetFileAttributes C:\Users\Garnik\AppData\Local\Google\Chrome\User Data\Crashpad\attachments\9120042d-e858-4449-93b1-13231a9980be: The system cannot find the path specified. (0x3)
[0123/145924.667:ERROR:filesystem_win.cc(129)] GetFileAttributes C:\Users\Garnik\AppData\Local\Google\Chrome\User Data\Crashpad\attachments\bf2cae39-bc79-48ab-b939-749a6b9df2bc: The system cannot find the path specified. (0x3)
[0123/145924.671:ERROR:filesystem_win.cc(129)] GetFileAttributes C:\Users\Garnik\AppData\Local\Google\Chrome\User Data\Crashpad\attachments\62f3cb3b-5f3f-4ee4-a9d0-cffe7813a3cd: The system cannot find the path specified. (0x3)
[0123/145924.676:ERROR:filesystem_win.cc(129)] GetFileAttributes C:\Users\Garnik\AppData\Local\Google\Chrome\User Data\Crashpad\attachments\46cf1550-cc91-444e-80ce-4647b93783da: The system cannot find the path specified. (0x3)
[0123/145924.681:ERROR:filesystem_win.cc(129)] GetFileAttributes C:\Users\Garnik\AppData\Local\Google\Chrome\User Data\Crashpad\attachments\ed5a0c00-b2eb-4a39-9c63-389b2f420e3f: The system cannot find the path specified. (0x3)
[0123/145924.685:ERROR:filesystem_win.cc(129)] GetFileAttributes C:\Users\Garnik\AppData\Local\Google\Chrome\User Data\Crashpad\attachments\bcaa8f6f-d907-4236-b291-9ae4fbf0c7c8: The system cannot find the path specified. (0x3)
[0123/145924.690:ERROR:filesystem_win.cc(129)] GetFileAttributes C:\Users\Garnik\AppData\Local\Google\Chrome\User Data\Crashpad\attachments\623aab69-391b-4114-bced-5edd640c499e: The system cannot find the path specified. (0x3)
[0123/145924.695:ERROR:filesystem_win.cc(129)] GetFileAttributes C:\Users\Garnik\AppData\Local\Google\Chrome\User Data\Crashpad\attachments\23801b4f-a3ec-4034-a744-1249b92eb86c: The system cannot find the path specified. (0x3)
[0123/145924.699:ERROR:filesystem_win.cc(129)] GetFileAttributes C:\Users\Garnik\AppData\Local\Google\Chrome\User Data\Crashpad\attachments\79331c34-873f-47ce-bede-d604ef03dfc0: The system cannot find the path specified. (0x3)
[0123/145924.704:ERROR:filesystem_win.cc(129)] GetFileAttributes C:\Users\Garnik\AppData\Local\Google\Chrome\User Data\Crashpad\attachments\49e92e9a-fa9e-4375-a35e-43e7d769846e: The system cannot find the path specified. (0x3)
[0123/145924.708:ERROR:filesystem_win.cc(129)] GetFileAttributes C:\Users\Garnik\AppData\Local\Google\Chrome\User Data\Crashpad\attachments\04c892e8-923c-47d9-ae85-4db6ba5164dd: The system cannot find the path specified. (0x3)
[0123/145924.713:ERROR:filesystem_win.cc(129)] GetFileAttributes C:\Users\Garnik\AppData\Local\Google\Chrome\User Data\Crashpad\attachments\9610e41a-f400-41f2-bf1d-aa146473bba3: The system cannot find the path specified. (0x3)
[0123/145924.717:ERROR:filesystem_win.cc(129)] GetFileAttributes C:\Users\Garnik\AppData\Local\Google\Chrome\User Data\Crashpad\attachments\d87292e4-a758-4ed7-aa31-ca347497515b: The system cannot find the path specified. (0x3)
[0123/145924.722:ERROR:filesystem_win.cc(129)] GetFileAttributes C:\Users\Garnik\AppData\Local\Google\Chrome\User Data\Crashpad\attachments\58153181-9ec6-487e-90d9-cdc5d820fe3d: The system cannot find the path specified. (0x3)
[0123/145924.726:ERROR:filesystem_win.cc(129)] GetFileAttributes C:\Users\Garnik\AppData\Local\Google\Chrome\User Data\Crashpad\attachments\bc8d94ed-9b32-4346-9a17-8ac7c675232a: The system cannot find the path specified. (0x3)
[0123/145924.731:ERROR:filesystem_win.cc(129)] GetFileAttributes C:\Users\Garnik\AppData\Local\Google\Chrome\User Data\Crashpad\attachments\94beb16f-c3fa-4519-8aef-bd1824d59d8f: The system cannot find the path specified. (0x3)
[0123/145924.735:ERROR:filesystem_win.cc(129)] GetFileAttributes C:\Users\Garnik\AppData\Local\Google\Chrome\User Data\Crashpad\attachments\bbf8d847-c0a7-48e4-9efa-98ab13bb50ca: The system cannot find the path specified. (0x3)
[0123/145924.739:ERROR:filesystem_win.cc(129)] GetFileAttributes C:\Users\Garnik\AppData\Local\Google\Chrome\User Data\Crashpad\attachments\3f41fa78-095c-4199-90f4-31dd5a1a3087: The system cannot find the path specified. (0x3)
[0123/145924.744:ERROR:filesystem_win.cc(129)] GetFileAttributes C:\Users\Garnik\AppData\Local\Google\Chrome\User Data\Crashpad\attachments\1f8e30e7-abde-4e92-96a9-6eeb289365cb: The system cannot find the path specified. (0x3)
[0123/145924.748:ERROR:filesystem_win.cc(129)] GetFileAttributes C:\Users\Garnik\AppData\Local\Google\Chrome\User Data\Crashpad\attachments\1be12aae-3db3-4c1c-be9b-6077979fdd4d: The system cannot find the path specified. (0x3)
[0123/145924.752:ERROR:filesystem_win.cc(129)] GetFileAttributes C:\Users\Garnik\AppData\Local\Google\Chrome\User Data\Crashpad\attachments\373d22cb-aedc-4a20-86c1-4cd505030dca: The system cannot find the path specified. (0x3)
[0123/145924.756:ERROR:filesystem_win.cc(129)] GetFileAttributes C:\Users\Garnik\AppData\Local\Google\Chrome\User Data\Crashpad\attachments\dfed3434-528c-4193-827f-13d6360992cd: The system cannot find the path specified. (0x3)
[0123/145924.761:ERROR:filesystem_win.cc(129)] GetFileAttributes C:\Users\Garnik\AppData\Local\Google\Chrome\User Data\Crashpad\attachments\964a7dbd-58ed-40ff-ab5d-a3380b728046: The system cannot find the path specified. (0x3)
[0123/145924.765:ERROR:filesystem_win.cc(129)] GetFileAttributes C:\Users\Garnik\AppData\Local\Google\Chrome\User Data\Crashpad\attachments\fc0ce6ae-e11d-4325-b49d-1973ed17caf2: The system cannot find the path specified. (0x3)
[0123/145924.769:ERROR:filesystem_win.cc(129)] GetFileAttributes C:\Users\Garnik\AppData\Local\Google\Chrome\User Data\Crashpad\attachments\19bcde4f-ec5b-410c-bcea-e84ace47162c: The system cannot find the path specified. (0x3)
[0123/145924.773:ERROR:filesystem_win.cc(129)] GetFileAttributes C:\Users\Garnik\AppData\Local\Google\Chrome\User Data\Crashpad\attachments\3ad6c6dc-8fb6-47d3-9967-2bbf11003b20: The system cannot find the path specified. (0x3)
[0123/145924.777:ERROR:filesystem_win.cc(129)] GetFileAttributes C:\Users\Garnik\AppData\Local\Google\Chrome\User Data\Crashpad\attachments\84bc114d-88eb-4940-be69-4d41720e7fe9: The system cannot find the path specified. (0x3)
[0123/145924.781:ERROR:filesystem_win.cc(129)] GetFileAttributes C:\Users\Garnik\AppData\Local\Google\Chrome\User Data\Crashpad\attachments\5ab7569f-e393-41c1-9214-1d36cf5e5438: The system cannot find the path specified. (0x3)
[0123/145924.786:ERROR:filesystem_win.cc(129)] GetFileAttributes C:\Users\Garnik\AppData\Local\Google\Chrome\User Data\Crashpad\attachments\98104072-e226-484e-b76b-8368e31dbfdb: The system cannot find the path specified. (0x3)
[0123/145924.790:ERROR:filesystem_win.cc(129)] GetFileAttributes C:\Users\Garnik\AppData\Local\Google\Chrome\User Data\Crashpad\attachments\e6b9b8a9-d3d9-4218-a606-5f4678fdcfcf: The system cannot find the path specified. (0x3)
[0123/145924.793:ERROR:filesystem_win.cc(129)] GetFileAttributes C:\Users\Garnik\AppData\Local\Google\Chrome\User Data\Crashpad\attachments\a0c76eb2-b122-4514-aadc-76cc7143a259: The system cannot find the path specified. (0x3)
[0123/145924.798:ERROR:filesystem_win.cc(129)] GetFileAttributes C:\Users\Garnik\AppData\Local\Google\Chrome\User Data\Crashpad\attachments\fc8d774d-161f-482b-b1a9-8022bd6ca43b: The system cannot find the path specified. (0x3)
[0123/145924.801:ERROR:filesystem_win.cc(129)] GetFileAttributes C:\Users\Garnik\AppData\Local\Google\Chrome\User Data\Crashpad\attachments\85cf816e-44a4-41d7-ad5d-fd60163aa9e5: The system cannot find the path specified. (0x3)
[0123/145924.805:ERROR:filesystem_win.cc(129)] GetFileAttributes C:\Users\Garnik\AppData\Local\Google\Chrome\User Data\Crashpad\attachments\e5413cab-4798-4e66-96d1-d6968c89db51: The system cannot find the path specified. (0x3)
[0123/145924.809:ERROR:filesystem_win.cc(129)] GetFileAttributes C:\Users\Garnik\AppData\Local\Google\Chrome\User Data\Crashpad\attachments\22e72155-3afd-4c3c-b3fa-797ca20797f5: The system cannot find the path specified. (0x3)
[0123/145924.813:ERROR:filesystem_win.cc(129)] GetFileAttributes C:\Users\Garnik\AppData\Local\Google\Chrome\User Data\Crashpad\attachments\cfe38015-73ce-45d2-b66a-f97498e73bf1: The system cannot find the path specified. (0x3)
[0123/145924.817:ERROR:filesystem_win.cc(129)] GetFileAttributes C:\Users\Garnik\AppData\Local\Google\Chrome\User Data\Crashpad\attachments\bd620517-469e-4e24-8cbb-d1e978dac1e1: The system cannot find the path specified. (0x3)
[0123/145924.821:ERROR:filesystem_win.cc(129)] GetFileAttributes C:\Users\Garnik\AppData\Local\Google\Chrome\User Data\Crashpad\attachments\dca6cdeb-1abc-45d4-adc0-f19070746a78: The system cannot find the path specified. (0x3)
[0123/145924.825:ERROR:filesystem_win.cc(129)] GetFileAttributes C:\Users\Garnik\AppData\Local\Google\Chrome\User Data\Crashpad\attachments\8298b2b4-d4b6-4952-a027-1917a9e47a5d: The system cannot find the path specified. (0x3)
[0123/145924.829:ERROR:filesystem_win.cc(129)] GetFileAttributes C:\Users\Garnik\AppData\Local\Google\Chrome\User Data\Crashpad\attachments\9a9e68bd-9891-4991-aa95-8520d21b064a: The system cannot find the path specified. (0x3)
[0123/145924.832:ERROR:filesystem_win.cc(129)] GetFileAttributes C:\Users\Garnik\AppData\Local\Google\Chrome\User Data\Crashpad\attachments\8e43d747-918b-4765-bb9b-997fc61f9052: The system cannot find the path specified. (0x3)
[0123/145924.836:ERROR:filesystem_win.cc(129)] GetFileAttributes C:\Users\Garnik\AppData\Local\Google\Chrome\User Data\Crashpad\attachments\e19623ac-6129-4768-b563-6f81a260c16a: The system cannot find the path specified. (0x3)
[0123/145924.840:ERROR:filesystem_win.cc(129)] GetFileAttributes C:\Users\Garnik\AppData\Local\Google\Chrome\User Data\Crashpad\attachments\0c201da8-4b44-4b82-a32f-2de328040221: The system cannot find the path specified. (0x3)
[0123/145924.843:ERROR:filesystem_win.cc(129)] GetFileAttributes C:\Users\Garnik\AppData\Local\Google\Chrome\User Data\Crashpad\attachments\f1f9afa9-4eab-4070-9c22-68ae1c340ca1: The system cannot find the path specified. (0x3)
[0123/145924.847:ERROR:filesystem_win.cc(129)] GetFileAttributes C:\Users\Garnik\AppData\Local\Google\Chrome\User Data\Crashpad\attachments\14a166e5-190a-4c9b-918b-3c153279b1e9: The system cannot find the path specified. (0x3)
[0123/145924.851:ERROR:filesystem_win.cc(129)] GetFileAttributes C:\Users\Garnik\AppData\Local\Google\Chrome\User Data\Crashpad\attachments\74327b57-22f3-423d-8319-2912d12f73a6: The system cannot find the path specified. (0x3)
[0123/145924.854:ERROR:filesystem_win.cc(129)] GetFileAttributes C:\Users\Garnik\AppData\Local\Google\Chrome\User Data\Crashpad\attachments\693aca8c-df9e-4c5c-8e57-20a26a6c36d4: The system cannot find the path specified. (0x3)
[0123/145924.858:ERROR:filesystem_win.cc(129)] GetFileAttributes C:\Users\Garnik\AppData\Local\Google\Chrome\User Data\Crashpad\attachments\27ef0d16-3209-40e9-a18f-04ad509a7e7b: The system cannot find the path specified. (0x3)
[0123/145924.861:ERROR:filesystem_win.cc(129)] GetFileAttributes C:\Users\Garnik\AppData\Local\Google\Chrome\User Data\Crashpad\attachments\202e9a59-ef93-4549-8446-04b39114ae3e: The system cannot find the path specified. (0x3)
[0123/145924.865:ERROR:filesystem_win.cc(129)] GetFileAttributes C:\Users\Garnik\AppData\Local\Google\Chrome\User Data\Crashpad\attachments\9201f7c8-5197-43c3-9109-1c1df3508583: The system cannot find the path specified. (0x3)
[0123/145924.868:ERROR:filesystem_win.cc(129)] GetFileAttributes C:\Users\Garnik\AppData\Local\Google\Chrome\User Data\Crashpad\attachments\b0cd6617-5cfd-4a9b-add8-6ab7772701ed: The system cannot find the path specified. (0x3)
[0123/145924.872:ERROR:filesystem_win.cc(129)] GetFileAttributes C:\Users\Garnik\AppData\Local\Google\Chrome\User Data\Crashpad\attachments\a0cd78f1-d140-42ff-b3a2-904f28d96256: The system cannot find the path specified. (0x3)
[0123/145924.875:ERROR:filesystem_win.cc(129)] GetFileAttributes C:\Users\Garnik\AppData\Local\Google\Chrome\User Data\Crashpad\attachments\3c5cd8b8-2a5f-4944-b922-d2ff8d7d95ae: The system cannot find the path specified. (0x3)
[0123/145924.878:ERROR:filesystem_win.cc(129)] GetFileAttributes C:\Users\Garnik\AppData\Local\Google\Chrome\User Data\Crashpad\attachments\904ca252-6a45-49e3-958a-53fbc58bc7e6: The system cannot find the path specified. (0x3)
[0123/145924.882:ERROR:filesystem_win.cc(129)] GetFileAttributes C:\Users\Garnik\AppData\Local\Google\Chrome\User Data\Crashpad\attachments\d39ea3a5-e3eb-4428-8b9b-b83d4570558a: The system cannot find the path specified. (0x3)
[0123/145924.885:ERROR:filesystem_win.cc(129)] GetFileAttributes C:\Users\Garnik\AppData\Local\Google\Chrome\User Data\Crashpad\attachments\36a56011-0443-4db2-a1b5-3395cd700713: The system cannot find the path specified. (0x3)
